<?xml version="1.0" encoding="UTF-8"?>
<testsuite name="com.bartek.controllerTest.PetControllerTest" time="1.111" tests="7" errors="0" skipped="1" failures="1">
  <properties>
    <property name="java.runtime.name" value="Java(TM) SE Runtime Environment"/>
    <property name="sun.boot.library.path" value="/usr/lib/jvm/java-8-oracle/jre/lib/amd64"/>
    <property name="java.vm.version" value="25.91-b14"/>
    <property name="java.vm.vendor" value="Oracle Corporation"/>
    <property name="maven.multiModuleProjectDirectory" value="/home/lolismo/Documents/workspace-sts-3.7.3.RELEASE/Spring_MVC_VeterinaryClinic"/>
    <property name="java.vendor.url" value="http://java.oracle.com/"/>
    <property name="path.separator" value=":"/>
    <property name="guice.disable.misplaced.annotation.check" value="true"/>
    <property name="java.vm.name" value="Java HotSpot(TM) 64-Bit Server VM"/>
    <property name="file.encoding.pkg" value="sun.io"/>
    <property name="user.country" value="PL"/>
    <property name="sun.java.launcher" value="SUN_STANDARD"/>
    <property name="sun.os.patch.level" value="unknown"/>
    <property name="java.vm.specification.name" value="Java Virtual Machine Specification"/>
    <property name="user.dir" value="/home/lolismo/Documents/workspace-sts-3.7.3.RELEASE/Spring_MVC_VeterinaryClinic"/>
    <property name="java.runtime.version" value="1.8.0_91-b14"/>
    <property name="java.awt.graphicsenv" value="sun.awt.X11GraphicsEnvironment"/>
    <property name="java.endorsed.dirs" value="/usr/lib/jvm/java-8-oracle/jre/lib/endorsed"/>
    <property name="os.arch" value="amd64"/>
    <property name="java.io.tmpdir" value="/tmp"/>
    <property name="line.separator" value="&#10;"/>
    <property name="java.vm.specification.vendor" value="Oracle Corporation"/>
    <property name="os.name" value="Linux"/>
    <property name="classworlds.conf" value="/home/lolismo/Documents/workspace-sts-3.7.3.RELEASE/.metadata/.plugins/org.eclipse.m2e.launching/launches/m2conf2205532956996452690.tmp"/>
    <property name="sun.jnu.encoding" value="UTF-8"/>
    <property name="java.library.path" value="/usr/java/packages/lib/amd64:/usr/lib64:/lib64:/lib:/usr/lib"/>
    <property name="java.specification.name" value="Java Platform API Specification"/>
    <property name="java.class.version" value="52.0"/>
    <property name="sun.management.compiler" value="HotSpot 64-Bit Tiered Compilers"/>
    <property name="os.version" value="4.2.0-36-generic"/>
    <property name="user.home" value="/home/lolismo"/>
    <property name="user.timezone" value="Europe/Warsaw"/>
    <property name="java.awt.printerjob" value="sun.print.PSPrinterJob"/>
    <property name="file.encoding" value="UTF-8"/>
    <property name="java.specification.version" value="1.8"/>
    <property name="user.name" value="lolismo"/>
    <property name="java.class.path" value="/home/lolismo/Pobrane/sts-bundle/sts-3.7.3.RELEASE/plugins/org.eclipse.m2e.maven.runtime_1.7.0.20160524-1811/jars/plexus-classworlds-2.5.2.jar"/>
    <property name="java.vm.specification.version" value="1.8"/>
    <property name="sun.arch.data.model" value="64"/>
    <property name="java.home" value="/usr/lib/jvm/java-8-oracle/jre"/>
    <property name="sun.java.command" value="org.codehaus.plexus.classworlds.launcher.Launcher -Ppom.xml -B install"/>
    <property name="java.specification.vendor" value="Oracle Corporation"/>
    <property name="user.language" value="pl"/>
    <property name="awt.toolkit" value="sun.awt.X11.XToolkit"/>
    <property name="java.vm.info" value="mixed mode"/>
    <property name="java.version" value="1.8.0_91"/>
    <property name="java.ext.dirs" value="/usr/lib/jvm/java-8-oracle/jre/lib/ext:/usr/java/packages/lib/ext"/>
    <property name="securerandom.source" value="file:/dev/./urandom"/>
    <property name="sun.boot.class.path" value="/usr/lib/jvm/java-8-oracle/jre/lib/resources.jar:/usr/lib/jvm/java-8-oracle/jre/lib/rt.jar:/usr/lib/jvm/java-8-oracle/jre/lib/sunrsasign.jar:/usr/lib/jvm/java-8-oracle/jre/lib/jsse.jar:/usr/lib/jvm/java-8-oracle/jre/lib/jce.jar:/usr/lib/jvm/java-8-oracle/jre/lib/charsets.jar:/usr/lib/jvm/java-8-oracle/jre/lib/jfr.jar:/usr/lib/jvm/java-8-oracle/jre/classes"/>
    <property name="java.vendor" value="Oracle Corporation"/>
    <property name="maven.home" value="/home/lolismo/Documents/workspace-sts-3.7.3.RELEASE/Spring_MVC_VeterinaryClinic/EMBEDDED"/>
    <property name="file.separator" value="/"/>
    <property name="java.vendor.url.bug" value="http://bugreport.sun.com/bugreport/"/>
    <property name="sun.cpu.endian" value="little"/>
    <property name="sun.io.unicode.encoding" value="UnicodeLittle"/>
    <property name="sun.desktop" value="gnome"/>
    <property name="sun.cpu.isalist" value=""/>
  </properties>
  <testcase name="deletePetRemovingPet" classname="com.bartek.controllerTest.PetControllerTest" time="0.372">
    <failure message="&#10;Expected: is &lt;1&gt;&#10;     but: was &lt;2&gt;" type="java.lang.AssertionError"><![CDATA[java.lang.AssertionError: 
Expected: is <1>
     but: was <2>
	at org.hamcrest.MatcherAssert.assertThat(MatcherAssert.java:20)
	at org.junit.Assert.assertThat(Assert.java:956)
	at org.junit.Assert.assertThat(Assert.java:923)
	at com.bartek.controllerTest.PetControllerTest.deletePetRemovingPet(PetControllerTest.java:225)
]]></failure>
    <system-out><![CDATA[22:15:17.485 [main] DEBUG org.springframework.test.context.junit4.SpringJUnit4ClassRunner - SpringJUnit4ClassRunner constructor called with [class com.bartek.controllerTest.PetControllerTest]
22:15:17.509 [main] DEBUG org.springframework.test.context.BootstrapUtils - Instantiating CacheAwareContextLoaderDelegate from class [org.springframework.test.context.cache.DefaultCacheAwareContextLoaderDelegate]
22:15:17.523 [main] DEBUG org.springframework.test.context.BootstrapUtils - Instantiating BootstrapContext using constructor [public org.springframework.test.context.support.DefaultBootstrapContext(java.lang.Class,org.springframework.test.context.CacheAwareContextLoaderDelegate)]
22:15:17.551 [main] DEBUG org.springframework.test.context.BootstrapUtils - Instantiating TestContextBootstrapper for test class [com.bartek.controllerTest.PetControllerTest] from class [org.springframework.boot.test.context.SpringBootTestContextBootstrapper]
22:15:17.576 [main] INFO org.springframework.boot.test.context.SpringBootTestContextBootstrapper - Neither @ContextConfiguration nor @ContextHierarchy found for test class [com.bartek.controllerTest.PetControllerTest], using SpringBootContextLoader
22:15:17.591 [main] DEBUG org.springframework.test.context.support.AbstractContextLoader - Did not detect default resource location for test class [com.bartek.controllerTest.PetControllerTest]: class path resource [com/bartek/controllerTest/PetControllerTest-context.xml] does not exist
22:15:17.591 [main] DEBUG org.springframework.test.context.support.AbstractContextLoader - Did not detect default resource location for test class [com.bartek.controllerTest.PetControllerTest]: class path resource [com/bartek/controllerTest/PetControllerTestContext.groovy] does not exist
22:15:17.592 [main] INFO org.springframework.test.context.support.AbstractContextLoader - Could not detect default resource locations for test class [com.bartek.controllerTest.PetControllerTest]: no resource found for suffixes {-context.xml, Context.groovy}.
22:15:17.593 [main] INFO org.springframework.test.context.support.AnnotationConfigContextLoaderUtils - Could not detect default configuration classes for test class [com.bartek.controllerTest.PetControllerTest]: PetControllerTest does not declare any static, non-private, non-final, nested classes annotated with @Configuration.
22:15:17.652 [main] DEBUG org.springframework.test.context.support.ActiveProfilesUtils - Could not find an 'annotation declaring class' for annotation type [org.springframework.test.context.ActiveProfiles] and class [com.bartek.controllerTest.PetControllerTest]
22:15:17.734 [main] DEBUG org.springframework.core.env.StandardEnvironment - Adding [systemProperties] PropertySource with lowest search precedence
22:15:17.736 [main] DEBUG org.springframework.core.env.StandardEnvironment - Adding [systemEnvironment] PropertySource with lowest search precedence
22:15:17.737 [main] DEBUG org.springframework.core.env.StandardEnvironment - Initialized StandardEnvironment with PropertySources [systemProperties,systemEnvironment]
22:15:17.754 [main] DEBUG org.springframework.core.io.support.PathMatchingResourcePatternResolver - Resolved classpath location [com/bartek/controllerTest/] to resources [URL [file:/home/lolismo/Documents/workspace-sts-3.7.3.RELEASE/Spring_MVC_VeterinaryClinic/target/test-classes/com/bartek/controllerTest/]]
22:15:17.755 [main] DEBUG org.springframework.core.io.support.PathMatchingResourcePatternResolver - Looking for matching resources in directory tree [/home/lolismo/Documents/workspace-sts-3.7.3.RELEASE/Spring_MVC_VeterinaryClinic/target/test-classes/com/bartek/controllerTest]
22:15:17.755 [main] DEBUG org.springframework.core.io.support.PathMatchingResourcePatternResolver - Searching directory [/home/lolismo/Documents/workspace-sts-3.7.3.RELEASE/Spring_MVC_VeterinaryClinic/target/test-classes/com/bartek/controllerTest] for files matching pattern [/home/lolismo/Documents/workspace-sts-3.7.3.RELEASE/Spring_MVC_VeterinaryClinic/target/test-classes/com/bartek/controllerTest/*.class]
22:15:17.762 [main] DEBUG org.springframework.core.io.support.PathMatchingResourcePatternResolver - Resolved location pattern [classpath*:com/bartek/controllerTest/*.class] to resources [file [/home/lolismo/Documents/workspace-sts-3.7.3.RELEASE/Spring_MVC_VeterinaryClinic/target/test-classes/com/bartek/controllerTest/PetControllerTest.class]]
22:15:17.787 [main] DEBUG org.springframework.core.io.support.PathMatchingResourcePatternResolver - Resolved classpath location [com/bartek/] to resources [URL [file:/home/lolismo/Documents/workspace-sts-3.7.3.RELEASE/Spring_MVC_VeterinaryClinic/target/test-classes/com/bartek/], URL [file:/home/lolismo/Documents/workspace-sts-3.7.3.RELEASE/Spring_MVC_VeterinaryClinic/target/classes/com/bartek/]]
22:15:17.787 [main] DEBUG org.springframework.core.io.support.PathMatchingResourcePatternResolver - Looking for matching resources in directory tree [/home/lolismo/Documents/workspace-sts-3.7.3.RELEASE/Spring_MVC_VeterinaryClinic/target/test-classes/com/bartek]
22:15:17.787 [main] DEBUG org.springframework.core.io.support.PathMatchingResourcePatternResolver - Searching directory [/home/lolismo/Documents/workspace-sts-3.7.3.RELEASE/Spring_MVC_VeterinaryClinic/target/test-classes/com/bartek] for files matching pattern [/home/lolismo/Documents/workspace-sts-3.7.3.RELEASE/Spring_MVC_VeterinaryClinic/target/test-classes/com/bartek/*.class]
22:15:17.788 [main] DEBUG org.springframework.core.io.support.PathMatchingResourcePatternResolver - Looking for matching resources in directory tree [/home/lolismo/Documents/workspace-sts-3.7.3.RELEASE/Spring_MVC_VeterinaryClinic/target/classes/com/bartek]
22:15:17.789 [main] DEBUG org.springframework.core.io.support.PathMatchingResourcePatternResolver - Searching directory [/home/lolismo/Documents/workspace-sts-3.7.3.RELEASE/Spring_MVC_VeterinaryClinic/target/classes/com/bartek] for files matching pattern [/home/lolismo/Documents/workspace-sts-3.7.3.RELEASE/Spring_MVC_VeterinaryClinic/target/classes/com/bartek/*.class]
22:15:17.792 [main] DEBUG org.springframework.core.io.support.PathMatchingResourcePatternResolver - Resolved location pattern [classpath*:com/bartek/*.class] to resources [file [/home/lolismo/Documents/workspace-sts-3.7.3.RELEASE/Spring_MVC_VeterinaryClinic/target/classes/com/bartek/ServletInitializer.class], file [/home/lolismo/Documents/workspace-sts-3.7.3.RELEASE/Spring_MVC_VeterinaryClinic/target/classes/com/bartek/SpringMvcVeterinaryClinicApplication.class]]
22:15:17.838 [main] DEBUG org.springframework.context.annotation.ClassPathScanningCandidateComponentProvider - Identified candidate component class: file [/home/lolismo/Documents/workspace-sts-3.7.3.RELEASE/Spring_MVC_VeterinaryClinic/target/classes/com/bartek/SpringMvcVeterinaryClinicApplication.class]
22:15:17.840 [main] INFO org.springframework.boot.test.context.SpringBootTestContextBootstrapper - Found @SpringBootConfiguration com.bartek.SpringMvcVeterinaryClinicApplication for test class com.bartek.controllerTest.PetControllerTest
22:15:17.846 [main] DEBUG org.springframework.boot.test.context.SpringBootTestContextBootstrapper - @TestExecutionListeners is not present for class [com.bartek.controllerTest.PetControllerTest]: using defaults.
22:15:17.850 [main] INFO org.springframework.boot.test.context.SpringBootTestContextBootstrapper - Loaded default TestExecutionListener class names from location [META-INF/spring.factories]: [org.springframework.boot.test.mock.mockito.MockitoTestExecutionListener, org.springframework.boot.test.mock.mockito.ResetMocksTestExecutionListener, org.springframework.boot.test.autoconfigure.AutoConfigureReportTestExecutionListener, org.springframework.boot.test.autoconfigure.json.JsonTesterInitializationTestExecutionListener, org.springframework.boot.test.autoconfigure.restdocs.RestDocsTestExecutionListener, org.springframework.test.context.web.ServletTestExecutionListener, org.springframework.test.context.support.DirtiesContextBeforeModesTestExecutionListener, org.springframework.test.context.support.DependencyInjectionTestExecutionListener, org.springframework.test.context.support.DirtiesContextTestExecutionListener, org.springframework.test.context.transaction.TransactionalTestExecutionListener, org.springframework.test.context.jdbc.SqlScriptsTestExecutionListener]
22:15:17.877 [main] INFO org.springframework.boot.test.context.SpringBootTestContextBootstrapper - Using TestExecutionListeners: [org.springframework.test.context.web.ServletTestExecutionListener@7f1302d6, org.springframework.test.context.support.DirtiesContextBeforeModesTestExecutionListener@43ee72e6, org.springframework.boot.test.autoconfigure.AutoConfigureReportTestExecutionListener@23529fee, org.springframework.test.context.support.DependencyInjectionTestExecutionListener@4fe767f3, org.springframework.test.context.support.DirtiesContextTestExecutionListener@2805c96b, org.springframework.test.context.transaction.TransactionalTestExecutionListener@184cf7cf, org.springframework.test.context.jdbc.SqlScriptsTestExecutionListener@2fd6b6c7, org.springframework.boot.test.mock.mockito.ResetMocksTestExecutionListener@5bfa9431, org.springframework.boot.test.autoconfigure.json.JsonTesterInitializationTestExecutionListener@5db250b4, org.springframework.boot.test.autoconfigure.restdocs.RestDocsTestExecutionListener@223f3642, org.springframework.boot.test.mock.mockito.MockitoTestExecutionListener@38c5cc4c]
22:15:17.893 [main] DEBUG org.springframework.test.context.junit4.SpringJUnit4ClassRunner - SpringJUnit4ClassRunner constructor called with [class com.bartek.repositoryTest.VisitRepositoryTest]
22:15:17.894 [main] DEBUG org.springframework.test.context.BootstrapUtils - Instantiating CacheAwareContextLoaderDelegate from class [org.springframework.test.context.cache.DefaultCacheAwareContextLoaderDelegate]
22:15:17.894 [main] DEBUG org.springframework.test.context.BootstrapUtils - Instantiating BootstrapContext using constructor [public org.springframework.test.context.support.DefaultBootstrapContext(java.lang.Class,org.springframework.test.context.CacheAwareContextLoaderDelegate)]
22:15:17.896 [main] DEBUG org.springframework.test.context.BootstrapUtils - Instantiating TestContextBootstrapper for test class [com.bartek.repositoryTest.VisitRepositoryTest] from class [org.springframework.boot.test.context.SpringBootTestContextBootstrapper]
22:15:17.898 [main] INFO org.springframework.boot.test.context.SpringBootTestContextBootstrapper - Neither @ContextConfiguration nor @ContextHierarchy found for test class [com.bartek.repositoryTest.VisitRepositoryTest], using SpringBootContextLoader
22:15:17.899 [main] DEBUG org.springframework.test.context.support.AbstractContextLoader - Did not detect default resource location for test class [com.bartek.repositoryTest.VisitRepositoryTest]: class path resource [com/bartek/repositoryTest/VisitRepositoryTest-context.xml] does not exist
22:15:17.899 [main] DEBUG org.springframework.test.context.support.AbstractContextLoader - Did not detect default resource location for test class [com.bartek.repositoryTest.VisitRepositoryTest]: class path resource [com/bartek/repositoryTest/VisitRepositoryTestContext.groovy] does not exist
22:15:17.899 [main] INFO org.springframework.test.context.support.AbstractContextLoader - Could not detect default resource locations for test class [com.bartek.repositoryTest.VisitRepositoryTest]: no resource found for suffixes {-context.xml, Context.groovy}.
22:15:17.900 [main] INFO org.springframework.test.context.support.AnnotationConfigContextLoaderUtils - Could not detect default configuration classes for test class [com.bartek.repositoryTest.VisitRepositoryTest]: VisitRepositoryTest does not declare any static, non-private, non-final, nested classes annotated with @Configuration.
22:15:17.918 [main] DEBUG org.springframework.test.context.support.ActiveProfilesUtils - Could not find an 'annotation declaring class' for annotation type [org.springframework.test.context.ActiveProfiles] and class [com.bartek.repositoryTest.VisitRepositoryTest]
22:15:17.920 [main] DEBUG org.springframework.core.env.StandardEnvironment - Adding [systemProperties] PropertySource with lowest search precedence
22:15:17.921 [main] DEBUG org.springframework.core.env.StandardEnvironment - Adding [systemEnvironment] PropertySource with lowest search precedence
22:15:17.921 [main] DEBUG org.springframework.core.env.StandardEnvironment - Initialized StandardEnvironment with PropertySources [systemProperties,systemEnvironment]
22:15:17.922 [main] DEBUG org.springframework.core.io.support.PathMatchingResourcePatternResolver - Resolved classpath location [com/bartek/repositoryTest/] to resources [URL [file:/home/lolismo/Documents/workspace-sts-3.7.3.RELEASE/Spring_MVC_VeterinaryClinic/target/test-classes/com/bartek/repositoryTest/]]
22:15:17.922 [main] DEBUG org.springframework.core.io.support.PathMatchingResourcePatternResolver - Looking for matching resources in directory tree [/home/lolismo/Documents/workspace-sts-3.7.3.RELEASE/Spring_MVC_VeterinaryClinic/target/test-classes/com/bartek/repositoryTest]
22:15:17.923 [main] DEBUG org.springframework.core.io.support.PathMatchingResourcePatternResolver - Searching directory [/home/lolismo/Documents/workspace-sts-3.7.3.RELEASE/Spring_MVC_VeterinaryClinic/target/test-classes/com/bartek/repositoryTest] for files matching pattern [/home/lolismo/Documents/workspace-sts-3.7.3.RELEASE/Spring_MVC_VeterinaryClinic/target/test-classes/com/bartek/repositoryTest/*.class]
22:15:17.924 [main] DEBUG org.springframework.core.io.support.PathMatchingResourcePatternResolver - Resolved location pattern [classpath*:com/bartek/repositoryTest/*.class] to resources [file [/home/lolismo/Documents/workspace-sts-3.7.3.RELEASE/Spring_MVC_VeterinaryClinic/target/test-classes/com/bartek/repositoryTest/PetRepositoryTest.class], file [/home/lolismo/Documents/workspace-sts-3.7.3.RELEASE/Spring_MVC_VeterinaryClinic/target/test-classes/com/bartek/repositoryTest/VisitRepositoryTest.class]]
22:15:17.930 [main] DEBUG org.springframework.core.io.support.PathMatchingResourcePatternResolver - Resolved classpath location [com/bartek/] to resources [URL [file:/home/lolismo/Documents/workspace-sts-3.7.3.RELEASE/Spring_MVC_VeterinaryClinic/target/test-classes/com/bartek/], URL [file:/home/lolismo/Documents/workspace-sts-3.7.3.RELEASE/Spring_MVC_VeterinaryClinic/target/classes/com/bartek/]]
22:15:17.930 [main] DEBUG org.springframework.core.io.support.PathMatchingResourcePatternResolver - Looking for matching resources in directory tree [/home/lolismo/Documents/workspace-sts-3.7.3.RELEASE/Spring_MVC_VeterinaryClinic/target/test-classes/com/bartek]
22:15:17.931 [main] DEBUG org.springframework.core.io.support.PathMatchingResourcePatternResolver - Searching directory [/home/lolismo/Documents/workspace-sts-3.7.3.RELEASE/Spring_MVC_VeterinaryClinic/target/test-classes/com/bartek] for files matching pattern [/home/lolismo/Documents/workspace-sts-3.7.3.RELEASE/Spring_MVC_VeterinaryClinic/target/test-classes/com/bartek/*.class]
22:15:17.931 [main] DEBUG org.springframework.core.io.support.PathMatchingResourcePatternResolver - Looking for matching resources in directory tree [/home/lolismo/Documents/workspace-sts-3.7.3.RELEASE/Spring_MVC_VeterinaryClinic/target/classes/com/bartek]
22:15:17.932 [main] DEBUG org.springframework.core.io.support.PathMatchingResourcePatternResolver - Searching directory [/home/lolismo/Documents/workspace-sts-3.7.3.RELEASE/Spring_MVC_VeterinaryClinic/target/classes/com/bartek] for files matching pattern [/home/lolismo/Documents/workspace-sts-3.7.3.RELEASE/Spring_MVC_VeterinaryClinic/target/classes/com/bartek/*.class]
22:15:17.934 [main] DEBUG org.springframework.core.io.support.PathMatchingResourcePatternResolver - Resolved location pattern [classpath*:com/bartek/*.class] to resources [file [/home/lolismo/Documents/workspace-sts-3.7.3.RELEASE/Spring_MVC_VeterinaryClinic/target/classes/com/bartek/ServletInitializer.class], file [/home/lolismo/Documents/workspace-sts-3.7.3.RELEASE/Spring_MVC_VeterinaryClinic/target/classes/com/bartek/SpringMvcVeterinaryClinicApplication.class]]
22:15:17.936 [main] DEBUG org.springframework.context.annotation.ClassPathScanningCandidateComponentProvider - Identified candidate component class: file [/home/lolismo/Documents/workspace-sts-3.7.3.RELEASE/Spring_MVC_VeterinaryClinic/target/classes/com/bartek/SpringMvcVeterinaryClinicApplication.class]
22:15:17.937 [main] INFO org.springframework.boot.test.context.SpringBootTestContextBootstrapper - Found @SpringBootConfiguration com.bartek.SpringMvcVeterinaryClinicApplication for test class com.bartek.repositoryTest.VisitRepositoryTest
22:15:17.983 [main] INFO org.springframework.boot.test.context.SpringBootTestContextBootstrapper - Using TestExecutionListeners: [org.springframework.test.context.support.DependencyInjectionTestExecutionListener@6e0dec4a, org.springframework.test.context.support.DirtiesContextTestExecutionListener@96def03, org.springframework.test.context.transaction.TransactionalTestExecutionListener@5ccddd20, com.github.springtestdbunit.DbUnitTestExecutionListener@1ed1993a]
22:15:17.986 [main] DEBUG org.springframework.test.context.junit4.SpringJUnit4ClassRunner - SpringJUnit4ClassRunner constructor called with [class com.bartek.repositoryTest.PetRepositoryTest]
22:15:17.987 [main] DEBUG org.springframework.test.context.BootstrapUtils - Instantiating CacheAwareContextLoaderDelegate from class [org.springframework.test.context.cache.DefaultCacheAwareContextLoaderDelegate]
22:15:17.987 [main] DEBUG org.springframework.test.context.BootstrapUtils - Instantiating BootstrapContext using constructor [public org.springframework.test.context.support.DefaultBootstrapContext(java.lang.Class,org.springframework.test.context.CacheAwareContextLoaderDelegate)]
22:15:17.987 [main] DEBUG org.springframework.test.context.BootstrapUtils - Instantiating TestContextBootstrapper for test class [com.bartek.repositoryTest.PetRepositoryTest] from class [org.springframework.boot.test.context.SpringBootTestContextBootstrapper]
22:15:17.988 [main] INFO org.springframework.boot.test.context.SpringBootTestContextBootstrapper - Neither @ContextConfiguration nor @ContextHierarchy found for test class [com.bartek.repositoryTest.PetRepositoryTest], using SpringBootContextLoader
22:15:17.990 [main] DEBUG org.springframework.test.context.support.AbstractContextLoader - Did not detect default resource location for test class [com.bartek.repositoryTest.PetRepositoryTest]: class path resource [com/bartek/repositoryTest/PetRepositoryTest-context.xml] does not exist
22:15:17.990 [main] DEBUG org.springframework.test.context.support.AbstractContextLoader - Did not detect default resource location for test class [com.bartek.repositoryTest.PetRepositoryTest]: class path resource [com/bartek/repositoryTest/PetRepositoryTestContext.groovy] does not exist
22:15:17.991 [main] INFO org.springframework.test.context.support.AbstractContextLoader - Could not detect default resource locations for test class [com.bartek.repositoryTest.PetRepositoryTest]: no resource found for suffixes {-context.xml, Context.groovy}.
22:15:17.991 [main] INFO org.springframework.test.context.support.AnnotationConfigContextLoaderUtils - Could not detect default configuration classes for test class [com.bartek.repositoryTest.PetRepositoryTest]: PetRepositoryTest does not declare any static, non-private, non-final, nested classes annotated with @Configuration.
22:15:17.999 [main] DEBUG org.springframework.test.context.support.ActiveProfilesUtils - Could not find an 'annotation declaring class' for annotation type [org.springframework.test.context.ActiveProfiles] and class [com.bartek.repositoryTest.PetRepositoryTest]
22:15:18.001 [main] DEBUG org.springframework.core.env.StandardEnvironment - Adding [systemProperties] PropertySource with lowest search precedence
22:15:18.002 [main] DEBUG org.springframework.core.env.StandardEnvironment - Adding [systemEnvironment] PropertySource with lowest search precedence
22:15:18.004 [main] DEBUG org.springframework.core.env.StandardEnvironment - Initialized StandardEnvironment with PropertySources [systemProperties,systemEnvironment]
22:15:18.004 [main] INFO org.springframework.boot.test.context.SpringBootTestContextBootstrapper - Found @SpringBootConfiguration com.bartek.SpringMvcVeterinaryClinicApplication for test class com.bartek.repositoryTest.PetRepositoryTest
22:15:18.006 [main] INFO org.springframework.boot.test.context.SpringBootTestContextBootstrapper - Using TestExecutionListeners: [org.springframework.test.context.support.DependencyInjectionTestExecutionListener@4386f16, org.springframework.test.context.support.DirtiesContextTestExecutionListener@363ee3a2, org.springframework.test.context.transaction.TransactionalTestExecutionListener@4690b489, com.github.springtestdbunit.DbUnitTestExecutionListener@79b06cab]
22:15:18.014 [main] DEBUG org.springframework.test.annotation.ProfileValueUtils - Retrieved @ProfileValueSourceConfiguration [null] for test class [com.bartek.controllerTest.PetControllerTest]
22:15:18.015 [main] DEBUG org.springframework.test.annotation.ProfileValueUtils - Retrieved ProfileValueSource type [class org.springframework.test.annotation.SystemProfileValueSource] for class [com.bartek.controllerTest.PetControllerTest]
22:15:18.017 [main] DEBUG org.springframework.test.annotation.ProfileValueUtils - Retrieved @ProfileValueSourceConfiguration [null] for test class [com.bartek.repositoryTest.VisitRepositoryTest]
22:15:18.017 [main] DEBUG org.springframework.test.annotation.ProfileValueUtils - Retrieved ProfileValueSource type [class org.springframework.test.annotation.SystemProfileValueSource] for class [com.bartek.repositoryTest.VisitRepositoryTest]
22:15:18.018 [main] DEBUG org.springframework.test.annotation.ProfileValueUtils - Retrieved @ProfileValueSourceConfiguration [null] for test class [com.bartek.repositoryTest.PetRepositoryTest]
22:15:18.018 [main] DEBUG org.springframework.test.annotation.ProfileValueUtils - Retrieved ProfileValueSource type [class org.springframework.test.annotation.SystemProfileValueSource] for class [com.bartek.repositoryTest.PetRepositoryTest]
22:15:18.023 [main] DEBUG org.springframework.test.context.junit4.SpringJUnit4ClassRunner - SpringJUnit4ClassRunner constructor called with [class com.bartek.controllerTest.PetControllerTest]
22:15:18.024 [main] DEBUG org.springframework.test.context.BootstrapUtils - Instantiating CacheAwareContextLoaderDelegate from class [org.springframework.test.context.cache.DefaultCacheAwareContextLoaderDelegate]
22:15:18.024 [main] DEBUG org.springframework.test.context.BootstrapUtils - Instantiating BootstrapContext using constructor [public org.springframework.test.context.support.DefaultBootstrapContext(java.lang.Class,org.springframework.test.context.CacheAwareContextLoaderDelegate)]
22:15:18.025 [main] DEBUG org.springframework.test.context.BootstrapUtils - Instantiating TestContextBootstrapper for test class [com.bartek.controllerTest.PetControllerTest] from class [org.springframework.boot.test.context.SpringBootTestContextBootstrapper]
22:15:18.025 [main] INFO org.springframework.boot.test.context.SpringBootTestContextBootstrapper - Neither @ContextConfiguration nor @ContextHierarchy found for test class [com.bartek.controllerTest.PetControllerTest], using SpringBootContextLoader
22:15:18.026 [main] DEBUG org.springframework.test.context.support.AbstractContextLoader - Did not detect default resource location for test class [com.bartek.controllerTest.PetControllerTest]: class path resource [com/bartek/controllerTest/PetControllerTest-context.xml] does not exist
22:15:18.026 [main] DEBUG org.springframework.test.context.support.AbstractContextLoader - Did not detect default resource location for test class [com.bartek.controllerTest.PetControllerTest]: class path resource [com/bartek/controllerTest/PetControllerTestContext.groovy] does not exist
22:15:18.027 [main] INFO org.springframework.test.context.support.AbstractContextLoader - Could not detect default resource locations for test class [com.bartek.controllerTest.PetControllerTest]: no resource found for suffixes {-context.xml, Context.groovy}.
22:15:18.027 [main] INFO org.springframework.test.context.support.AnnotationConfigContextLoaderUtils - Could not detect default configuration classes for test class [com.bartek.controllerTest.PetControllerTest]: PetControllerTest does not declare any static, non-private, non-final, nested classes annotated with @Configuration.
22:15:18.033 [main] DEBUG org.springframework.test.context.support.ActiveProfilesUtils - Could not find an 'annotation declaring class' for annotation type [org.springframework.test.context.ActiveProfiles] and class [com.bartek.controllerTest.PetControllerTest]
22:15:18.035 [main] DEBUG org.springframework.core.env.StandardEnvironment - Adding [systemProperties] PropertySource with lowest search precedence
22:15:18.036 [main] DEBUG org.springframework.core.env.StandardEnvironment - Adding [systemEnvironment] PropertySource with lowest search precedence
22:15:18.036 [main] DEBUG org.springframework.core.env.StandardEnvironment - Initialized StandardEnvironment with PropertySources [systemProperties,systemEnvironment]
22:15:18.036 [main] INFO org.springframework.boot.test.context.SpringBootTestContextBootstrapper - Found @SpringBootConfiguration com.bartek.SpringMvcVeterinaryClinicApplication for test class com.bartek.controllerTest.PetControllerTest
22:15:18.038 [main] DEBUG org.springframework.boot.test.context.SpringBootTestContextBootstrapper - @TestExecutionListeners is not present for class [com.bartek.controllerTest.PetControllerTest]: using defaults.
22:15:18.042 [main] INFO org.springframework.boot.test.context.SpringBootTestContextBootstrapper - Loaded default TestExecutionListener class names from location [META-INF/spring.factories]: [org.springframework.boot.test.mock.mockito.MockitoTestExecutionListener, org.springframework.boot.test.mock.mockito.ResetMocksTestExecutionListener, org.springframework.boot.test.autoconfigure.AutoConfigureReportTestExecutionListener, org.springframework.boot.test.autoconfigure.json.JsonTesterInitializationTestExecutionListener, org.springframework.boot.test.autoconfigure.restdocs.RestDocsTestExecutionListener, org.springframework.test.context.web.ServletTestExecutionListener, org.springframework.test.context.support.DirtiesContextBeforeModesTestExecutionListener, org.springframework.test.context.support.DependencyInjectionTestExecutionListener, org.springframework.test.context.support.DirtiesContextTestExecutionListener, org.springframework.test.context.transaction.TransactionalTestExecutionListener, org.springframework.test.context.jdbc.SqlScriptsTestExecutionListener]
22:15:18.043 [main] INFO org.springframework.boot.test.context.SpringBootTestContextBootstrapper - Using TestExecutionListeners: [org.springframework.test.context.web.ServletTestExecutionListener@5a63f509, org.springframework.test.context.support.DirtiesContextBeforeModesTestExecutionListener@6e4784bc, org.springframework.boot.test.autoconfigure.AutoConfigureReportTestExecutionListener@34b7ac2f, org.springframework.test.context.support.DependencyInjectionTestExecutionListener@e056f20, org.springframework.test.context.support.DirtiesContextTestExecutionListener@4b0b0854, org.springframework.test.context.transaction.TransactionalTestExecutionListener@19bb07ed, org.springframework.test.context.jdbc.SqlScriptsTestExecutionListener@10e41621, org.springframework.boot.test.mock.mockito.ResetMocksTestExecutionListener@353d0772, org.springframework.boot.test.autoconfigure.json.JsonTesterInitializationTestExecutionListener@2667f029, org.springframework.boot.test.autoconfigure.restdocs.RestDocsTestExecutionListener@67a20f67, org.springframework.boot.test.mock.mockito.MockitoTestExecutionListener@57c758ac]
22:15:18.044 [main] DEBUG org.springframework.test.annotation.ProfileValueUtils - Retrieved @ProfileValueSourceConfiguration [null] for test class [com.bartek.controllerTest.PetControllerTest]
22:15:18.045 [main] DEBUG org.springframework.test.annotation.ProfileValueUtils - Retrieved ProfileValueSource type [class org.springframework.test.annotation.SystemProfileValueSource] for class [com.bartek.controllerTest.PetControllerTest]
22:15:18.046 [main] DEBUG org.springframework.test.annotation.ProfileValueUtils - Retrieved @ProfileValueSourceConfiguration [null] for test class [com.bartek.controllerTest.PetControllerTest]
22:15:18.047 [main] DEBUG org.springframework.test.annotation.ProfileValueUtils - Retrieved ProfileValueSource type [class org.springframework.test.annotation.SystemProfileValueSource] for class [com.bartek.controllerTest.PetControllerTest]
22:15:18.054 [main] DEBUG org.springframework.test.context.support.AbstractDirtiesContextTestExecutionListener - Before test class: context [DefaultTestContext@31d7b7bf testClass = PetControllerTest, testInstance = [null], testMethod = [null], testException = [null], mergedContextConfiguration = [WebMergedContextConfiguration@635eaaf1 testClass = PetControllerTest, locations = '{}', classes = '{class com.bartek.SpringMvcVeterinaryClinicApplication}', contextInitializerClasses = '[]', activeProfiles = '{}', propertySourceLocations = '{}', propertySourceProperties = '{org.springframework.boot.test.context.SpringBootTestContextBootstrapper=true}', contextCustomizers = set[org.springframework.boot.test.context.SpringBootTestContextCustomizer@32d2fa64, org.springframework.boot.test.context.filter.ExcludeFilterContextCustomizer@9a7504c, org.springframework.boot.test.mock.mockito.MockitoContextCustomizer@0, org.springframework.boot.test.autoconfigure.properties.PropertyMappingContextCustomizer@0], resourceBasePath = '', contextLoader = 'org.springframework.boot.test.context.SpringBootContextLoader', parent = [null]]], class annotated with @DirtiesContext [false] with mode [null].
22:15:18.057 [main] DEBUG org.springframework.test.annotation.ProfileValueUtils - Retrieved @ProfileValueSourceConfiguration [null] for test class [com.bartek.controllerTest.PetControllerTest]
22:15:18.058 [main] DEBUG org.springframework.test.annotation.ProfileValueUtils - Retrieved ProfileValueSource type [class org.springframework.test.annotation.SystemProfileValueSource] for class [com.bartek.controllerTest.PetControllerTest]
22:15:18.322 [main] DEBUG org.springframework.core.env.StandardEnvironment - Adding [systemProperties] PropertySource with lowest search precedence
22:15:18.322 [main] DEBUG org.springframework.core.env.StandardEnvironment - Adding [systemEnvironment] PropertySource with lowest search precedence
22:15:18.323 [main] DEBUG org.springframework.core.env.StandardEnvironment - Initialized StandardEnvironment with PropertySources [systemProperties,systemEnvironment]
22:15:18.324 [main] DEBUG org.springframework.test.context.support.TestPropertySourceUtils - Adding inlined properties to environment: {spring.jmx.enabled=false, org.springframework.boot.test.context.SpringBootTestContextBootstrapper=true, server.port=-1}
22:15:18.325 [main] DEBUG org.springframework.core.env.StandardEnvironment - Adding [Inlined Test Properties] PropertySource with highest search precedence

  .   ____          _            __ _ _
 /\\ / ___'_ __ _ _(_)_ __  __ _ \ \ \ \
( ( )\___ | '_ | '_| | '_ \/ _` | \ \ \ \
 \\/  ___)| |_)| | | | | || (_| |  ) ) ) )
  '  |____| .__|_| |_|_| |_\__, | / / / /
 =========|_|==============|___/=/_/_/_/
 :: Spring Boot ::             (v1.4.0.M3)

2016-06-06 22:15:18.725  INFO 5694 --- [           main] c.b.controllerTest.PetControllerTest     : Starting PetControllerTest on lolismo-SATELLITE-C55-A-1H9 with PID 5694 (/home/lolismo/Documents/workspace-sts-3.7.3.RELEASE/Spring_MVC_VeterinaryClinic/target/test-classes started by lolismo in /home/lolismo/Documents/workspace-sts-3.7.3.RELEASE/Spring_MVC_VeterinaryClinic)
2016-06-06 22:15:18.727  INFO 5694 --- [           main] c.b.controllerTest.PetControllerTest     : No active profile set, falling back to default profiles: default
2016-06-06 22:15:19.124  INFO 5694 --- [           main] o.s.w.c.s.GenericWebApplicationContext   : Refreshing org.springframework.web.context.support.GenericWebApplicationContext@5c7933ad: startup date [Mon Jun 06 22:15:19 CEST 2016]; root of context hierarchy
2016-06-06 22:15:21.424  INFO 5694 --- [           main] f.a.AutowiredAnnotationBeanPostProcessor : JSR-330 'javax.inject.Inject' annotation found and supported for autowiring
2016-06-06 22:15:21.582  INFO 5694 --- [           main] trationDelegate$BeanPostProcessorChecker : Bean 'org.springframework.transaction.annotation.ProxyTransactionManagementConfiguration' of type [class org.springframework.transaction.annotation.ProxyTransactionManagementConfiguration$$EnhancerBySpringCGLIB$$3b1b33b5] is not eligible for getting processed by all BeanPostProcessors (for example: not eligible for auto-proxying)
2016-06-06 22:15:22.438  INFO 5694 --- [           main] j.LocalContainerEntityManagerFactoryBean : Building JPA container EntityManagerFactory for persistence unit 'default'
2016-06-06 22:15:22.487  INFO 5694 --- [           main] o.hibernate.jpa.internal.util.LogHelper  : HHH000204: Processing PersistenceUnitInfo [
	name: default
	...]
2016-06-06 22:15:22.632  INFO 5694 --- [           main] org.hibernate.Version                    : HHH000412: Hibernate Core {5.1.0.Final}
2016-06-06 22:15:22.634  INFO 5694 --- [           main] org.hibernate.cfg.Environment            : HHH000206: hibernate.properties not found
2016-06-06 22:15:22.636  INFO 5694 --- [           main] org.hibernate.cfg.Environment            : HHH000021: Bytecode provider name : javassist
2016-06-06 22:15:22.716  INFO 5694 --- [           main] o.hibernate.annotations.common.Version   : HCANN000001: Hibernate Commons Annotations {5.0.1.Final}
2016-06-06 22:15:23.640  INFO 5694 --- [           main] org.hibernate.dialect.Dialect            : HHH000400: Using dialect: org.hibernate.dialect.MySQL5Dialect
2016-06-06 22:15:24.759  INFO 5694 --- [           main] j.LocalContainerEntityManagerFactoryBean : Initialized JPA EntityManagerFactory for persistence unit 'default'
2016-06-06 22:15:25.841  INFO 5694 --- [           main] s.w.s.m.m.a.RequestMappingHandlerMapping : Mapped "{[/pet/findById/{id}]}" onto public java.lang.String com.bartek.controller.PetController.findPetById(int,org.springframework.ui.Model)
2016-06-06 22:15:25.843  INFO 5694 --- [           main] s.w.s.m.m.a.RequestMappingHandlerMapping : Mapped "{[/pet/getAll]}" onto public java.lang.String com.bartek.controller.PetController.findAllPets(org.springframework.ui.Model)
2016-06-06 22:15:25.843  INFO 5694 --- [           main] s.w.s.m.m.a.RequestMappingHandlerMapping : Mapped "{[/pet/findByName/{petName}]}" onto public java.lang.String com.bartek.controller.PetController.findPetByName(java.lang.String,org.springframework.ui.Model)
2016-06-06 22:15:25.844  INFO 5694 --- [           main] s.w.s.m.m.a.RequestMappingHandlerMapping : Mapped "{[/pet/add],methods=[GET]}" onto public java.lang.String com.bartek.controller.PetController.addNewPetForm(org.springframework.ui.Model)
2016-06-06 22:15:25.844  INFO 5694 --- [           main] s.w.s.m.m.a.RequestMappingHandlerMapping : Mapped "{[/pet/add],methods=[POST]}" onto public java.lang.String com.bartek.controller.PetController.add(com.bartek.entity.Pet,org.springframework.validation.BindingResult,org.springframework.ui.Model)
2016-06-06 22:15:25.844  INFO 5694 --- [           main] s.w.s.m.m.a.RequestMappingHandlerMapping : Mapped "{[/pet/update/{id}],methods=[POST]}" onto public java.lang.String com.bartek.controller.PetController.update(com.bartek.entity.Pet,org.springframework.validation.BindingResult)
2016-06-06 22:15:25.844  INFO 5694 --- [           main] s.w.s.m.m.a.RequestMappingHandlerMapping : Mapped "{[/pet/delete/{id}],methods=[GET]}" onto public java.lang.String com.bartek.controller.PetController.delete(int)
2016-06-06 22:15:25.845  INFO 5694 --- [           main] s.w.s.m.m.a.RequestMappingHandlerMapping : Mapped "{[/pet/update/{id}],methods=[GET]}" onto public java.lang.String com.bartek.controller.PetController.updateForm(int,org.springframework.ui.Model)
2016-06-06 22:15:25.855  INFO 5694 --- [           main] s.w.s.m.m.a.RequestMappingHandlerMapping : Mapped "{[/error],produces=[text/html]}" onto public org.springframework.web.servlet.ModelAndView org.springframework.boot.autoconfigure.web.BasicErrorController.errorHtml(javax.servlet.http.HttpServletRequest,javax.servlet.http.HttpServletResponse)
2016-06-06 22:15:25.856  INFO 5694 --- [           main] s.w.s.m.m.a.RequestMappingHandlerMapping : Mapped "{[/error]}" onto public org.springframework.http.ResponseEntity<java.util.Map<java.lang.String, java.lang.Object>> org.springframework.boot.autoconfigure.web.BasicErrorController.error(javax.servlet.http.HttpServletRequest)
2016-06-06 22:15:25.942  INFO 5694 --- [           main] s.w.s.m.m.a.RequestMappingHandlerAdapter : Looking for @ControllerAdvice: org.springframework.web.context.support.GenericWebApplicationContext@5c7933ad: startup date [Mon Jun 06 22:15:19 CEST 2016]; root of context hierarchy
2016-06-06 22:15:26.163  INFO 5694 --- [           main] o.s.w.s.handler.SimpleUrlHandlerMapping  : Mapped URL path [/webjars/**] onto handler of type [class org.springframework.web.servlet.resource.ResourceHttpRequestHandler]
2016-06-06 22:15:26.163  INFO 5694 --- [           main] o.s.w.s.handler.SimpleUrlHandlerMapping  : Mapped URL path [/**] onto handler of type [class org.springframework.web.servlet.resource.ResourceHttpRequestHandler]
2016-06-06 22:15:26.237  INFO 5694 --- [           main] o.s.w.s.handler.SimpleUrlHandlerMapping  : Mapped URL path [/**/favicon.ico] onto handler of type [class org.springframework.web.servlet.resource.ResourceHttpRequestHandler]
2016-06-06 22:15:28.254  INFO 5694 --- [           main] c.b.controllerTest.PetControllerTest     : Started PetControllerTest in 9.902 seconds (JVM running for 11.45)
2016-06-06 22:15:28.375  INFO 5694 --- [           main] ilder$StaticRequestMappingHandlerMapping : Mapped "{[/pet/findById/{id}]}" onto public java.lang.String com.bartek.controller.PetController.findPetById(int,org.springframework.ui.Model)
2016-06-06 22:15:28.376  INFO 5694 --- [           main] ilder$StaticRequestMappingHandlerMapping : Mapped "{[/pet/getAll]}" onto public java.lang.String com.bartek.controller.PetController.findAllPets(org.springframework.ui.Model)
2016-06-06 22:15:28.377  INFO 5694 --- [           main] ilder$StaticRequestMappingHandlerMapping : Mapped "{[/pet/findByName/{petName}]}" onto public java.lang.String com.bartek.controller.PetController.findPetByName(java.lang.String,org.springframework.ui.Model)
2016-06-06 22:15:28.377  INFO 5694 --- [           main] ilder$StaticRequestMappingHandlerMapping : Mapped "{[/pet/add],methods=[GET]}" onto public java.lang.String com.bartek.controller.PetController.addNewPetForm(org.springframework.ui.Model)
2016-06-06 22:15:28.381  INFO 5694 --- [           main] ilder$StaticRequestMappingHandlerMapping : Mapped "{[/pet/add],methods=[POST]}" onto public java.lang.String com.bartek.controller.PetController.add(com.bartek.entity.Pet,org.springframework.validation.BindingResult,org.springframework.ui.Model)
2016-06-06 22:15:28.381  INFO 5694 --- [           main] ilder$StaticRequestMappingHandlerMapping : Mapped "{[/pet/update/{id}],methods=[POST]}" onto public java.lang.String com.bartek.controller.PetController.update(com.bartek.entity.Pet,org.springframework.validation.BindingResult)
2016-06-06 22:15:28.381  INFO 5694 --- [           main] ilder$StaticRequestMappingHandlerMapping : Mapped "{[/pet/delete/{id}],methods=[GET]}" onto public java.lang.String com.bartek.controller.PetController.delete(int)
2016-06-06 22:15:28.382  INFO 5694 --- [           main] ilder$StaticRequestMappingHandlerMapping : Mapped "{[/pet/update/{id}],methods=[GET]}" onto public java.lang.String com.bartek.controller.PetController.updateForm(int,org.springframework.ui.Model)
2016-06-06 22:15:28.409  INFO 5694 --- [           main] s.w.s.m.m.a.RequestMappingHandlerAdapter : Looking for @ControllerAdvice: org.springframework.test.web.servlet.setup.StubWebApplicationContext@2d3c501b
2016-06-06 22:15:28.435  INFO 5694 --- [           main] o.s.mock.web.MockServletContext          : Initializing Spring FrameworkServlet ''
2016-06-06 22:15:28.435  INFO 5694 --- [           main] o.s.t.web.servlet.TestDispatcherServlet  : FrameworkServlet '': initialization started
2016-06-06 22:15:28.436  INFO 5694 --- [           main] o.s.t.web.servlet.TestDispatcherServlet  : FrameworkServlet '': initialization completed in 1 ms
]]></system-out>
  </testcase>
  <testcase name="showAllPetsShouldAddAllPetsToModelAndRenderCorrectView" classname="com.bartek.controllerTest.PetControllerTest" time="0.399"/>
  <testcase name="showAddPetForm" classname="com.bartek.controllerTest.PetControllerTest" time="0.08"/>
  <testcase name="petShouldBeAddAndRedirectToUrlWithItselfId" classname="com.bartek.controllerTest.PetControllerTest" time="0.116"/>
  <testcase name="itReturnsPetFoundByItName" classname="com.bartek.controllerTest.PetControllerTest" time="0.074"/>
  <testcase name="updateMethodCanChangeParameters" classname="com.bartek.controllerTest.PetControllerTest" time="0">
    <skipped/>
  </testcase>
  <testcase name="itReturnsPetFoundByItId" classname="com.bartek.controllerTest.PetControllerTest" time="0.07"/>
</testsuite>