<?xml version="1.0" encoding="UTF-8"?>
<testsuite name="com.bartek.repositoryTest.VisitRepositoryTest" time="0.06" tests="2" errors="2" skipped="0" failures="0">
  <properties>
[...]
</properties>
  <testcase name="visitRepositoryShouldFindVisitByYearAndMonthOfVisit" classname="com.bartek.repositoryTest.VisitRepositoryTest" time="0.054">
    <error message="Unable to load dataset from &quot;example-data.xml&quot; using class com.github.springtestdbunit.dataset.FlatXmlDataSetLoader" type="java.lang.IllegalArgumentException">java.lang.IllegalArgumentException: Unable to load dataset from "example-data.xml" using class com.github.springtestdbunit.dataset.FlatXmlDataSetLoader
	at org.springframework.util.Assert.notNull(Assert.java:115)
	at com.github.springtestdbunit.DbUnitRunner.loadDataset(DbUnitRunner.java:214)
	at com.github.springtestdbunit.DbUnitRunner.loadDataSets(DbUnitRunner.java:203)
	at com.github.springtestdbunit.DbUnitRunner.setupOrTeardown(DbUnitRunner.java:184)
	at com.github.springtestdbunit.DbUnitRunner.beforeTestMethod(DbUnitRunner.java:66)
	at com.github.springtestdbunit.DbUnitTestExecutionListener.beforeTestMethod(DbUnitTestExecutionListener.java:186)
	at org.springframework.test.context.TestContextManager.beforeTestMethod(TestContextManager.java:269)
	at org.springframework.test.context.junit4.statements.RunBeforeTestMethodCallbacks.evaluate(RunBeforeTestMethodCallbacks.java:74)
	at org.springframework.test.context.junit4.statements.RunAfterTestMethodCallbacks.evaluate(RunAfterTestMethodCallbacks.java:86)
	at org.springframework.test.context.junit4.statements.SpringRepeat.evaluate(SpringRepeat.java:84)
	at org.junit.runners.ParentRunner.runLeaf(ParentRunner.java:325)
	at org.springframework.test.context.junit4.SpringJUnit4ClassRunner.runChild(SpringJUnit4ClassRunner.java:252)
	at org.springframework.test.context.junit4.SpringJUnit4ClassRunner.runChild(SpringJUnit4ClassRunner.java:94)
	at org.junit.runners.ParentRunner$3.run(ParentRunner.java:290)
	at org.junit.runners.ParentRunner$1.schedule(ParentRunner.java:71)
	at org.junit.runners.ParentRunner.runChildren(ParentRunner.java:288)
	at org.junit.runners.ParentRunner.access$000(ParentRunner.java:58)
	at org.junit.runners.ParentRunner$2.evaluate(ParentRunner.java:268)
	at org.springframework.test.context.junit4.statements.RunBeforeTestClassCallbacks.evaluate(RunBeforeTestClassCallbacks.java:61)
	at org.springframework.test.context.junit4.statements.RunAfterTestClassCallbacks.evaluate(RunAfterTestClassCallbacks.java:70)
	at org.junit.runners.ParentRunner.run(ParentRunner.java:363)
	at org.springframework.test.context.junit4.SpringJUnit4ClassRunner.run(SpringJUnit4ClassRunner.java:191)
	at org.apache.maven.surefire.junit4.JUnit4Provider.execute(JUnit4Provider.java:283)
	at org.apache.maven.surefire.junit4.JUnit4Provider.executeWithRerun(JUnit4Provider.java:173)
	at org.apache.maven.surefire.junit4.JUnit4Provider.executeTestSet(JUnit4Provider.java:153)
	at org.apache.maven.surefire.junit4.JUnit4Provider.invoke(JUnit4Provider.java:128)
	at org.apache.maven.surefire.booter.ForkedBooter.invokeProviderInSameClassLoader(ForkedBooter.java:203)
	at org.apache.maven.surefire.booter.ForkedBooter.runSuitesInProcess(ForkedBooter.java:155)
	at org.apache.maven.surefire.booter.ForkedBooter.main(ForkedBooter.java:103)
</error>
    <system-out><![CDATA[2016-06-06 22:15:29.457  INFO 5694 --- [           main] .b.t.c.SpringBootTestContextBootstrapper : Neither @ContextConfiguration nor @ContextHierarchy found for test class [com.bartek.repositoryTest.VisitRepositoryTest], using SpringBootContextLoader
2016-06-06 22:15:29.459  INFO 5694 --- [           main] o.s.t.c.support.AbstractContextLoader    : Could not detect default resource locations for test class [com.bartek.repositoryTest.VisitRepositoryTest]: no resource found for suffixes {-context.xml, Context.groovy}.
2016-06-06 22:15:29.459  INFO 5694 --- [           main] t.c.s.AnnotationConfigContextLoaderUtils : Could not detect default configuration classes for test class [com.bartek.repositoryTest.VisitRepositoryTest]: VisitRepositoryTest does not declare any static, non-private, non-final, nested classes annotated with @Configuration.
2016-06-06 22:15:29.495  INFO 5694 --- [           main] .b.t.c.SpringBootTestContextBootstrapper : Found @SpringBootConfiguration com.bartek.SpringMvcVeterinaryClinicApplication for test class com.bartek.repositoryTest.VisitRepositoryTest
2016-06-06 22:15:29.500  INFO 5694 --- [           main] .b.t.c.SpringBootTestContextBootstrapper : Using TestExecutionListeners: [org.springframework.test.context.support.DependencyInjectionTestExecutionListener@34652065, org.springframework.test.context.support.DirtiesContextTestExecutionListener@3dbbed3e, org.springframework.test.context.transaction.TransactionalTestExecutionListener@56d5460f, com.github.springtestdbunit.DbUnitTestExecutionListener@57f725b8]
2016-06-06 22:15:29.710  WARN 5694 --- [           main] o.s.test.context.TestContextManager      : Caught exception while allowing TestExecutionListener [com.github.springtestdbunit.DbUnitTestExecutionListener@57f725b8] to process 'before' execution of test method [public void com.bartek.repositoryTest.VisitRepositoryTest.visitRepositoryShouldFindVisitByYearAndMonthOfVisit()] for test instance [com.bartek.repositoryTest.VisitRepositoryTest@50c2ef56]

java.lang.IllegalArgumentException: Unable to load dataset from "example-data.xml" using class com.github.springtestdbunit.dataset.FlatXmlDataSetLoader
	at org.springframework.util.Assert.notNull(Assert.java:115) ~[spring-core-4.3.0.RC2.jar:4.3.0.RC2]
	at com.github.springtestdbunit.DbUnitRunner.loadDataset(DbUnitRunner.java:214) ~[spring-test-dbunit-1.2.1.jar:na]
	at com.github.springtestdbunit.DbUnitRunner.loadDataSets(DbUnitRunner.java:203) ~[spring-test-dbunit-1.2.1.jar:na]
	at com.github.springtestdbunit.DbUnitRunner.setupOrTeardown(DbUnitRunner.java:184) ~[spring-test-dbunit-1.2.1.jar:na]
	at com.github.springtestdbunit.DbUnitRunner.beforeTestMethod(DbUnitRunner.java:66) ~[spring-test-dbunit-1.2.1.jar:na]
	at com.github.springtestdbunit.DbUnitTestExecutionListener.beforeTestMethod(DbUnitTestExecutionListener.java:186) ~[spring-test-dbunit-1.2.1.jar:na]
	at org.springframework.test.context.TestContextManager.beforeTestMethod(TestContextManager.java:269) ~[spring-test-4.3.0.RC2.jar:4.3.0.RC2]
	at org.springframework.test.context.junit4.statements.RunBeforeTestMethodCallbacks.evaluate(RunBeforeTestMethodCallbacks.java:74) [spring-test-4.3.0.RC2.jar:4.3.0.RC2]
	at org.springframework.test.context.junit4.statements.RunAfterTestMethodCallbacks.evaluate(RunAfterTestMethodCallbacks.java:86) [spring-test-4.3.0.RC2.jar:4.3.0.RC2]
	at org.springframework.test.context.junit4.statements.SpringRepeat.evaluate(SpringRepeat.java:84) [spring-test-4.3.0.RC2.jar:4.3.0.RC2]
	at org.junit.runners.ParentRunner.runLeaf(ParentRunner.java:325) [junit-4.12.jar:4.12]
	at org.springframework.test.context.junit4.SpringJUnit4ClassRunner.runChild(SpringJUnit4ClassRunner.java:252) [spring-test-4.3.0.RC2.jar:4.3.0.RC2]
	at org.springframework.test.context.junit4.SpringJUnit4ClassRunner.runChild(SpringJUnit4ClassRunner.java:94) [spring-test-4.3.0.RC2.jar:4.3.0.RC2]
	at org.junit.runners.ParentRunner$3.run(ParentRunner.java:290) [junit-4.12.jar:4.12]
	at org.junit.runners.ParentRunner$1.schedule(ParentRunner.java:71) [junit-4.12.jar:4.12]
	at org.junit.runners.ParentRunner.runChildren(ParentRunner.java:288) [junit-4.12.jar:4.12]
	at org.junit.runners.ParentRunner.access$000(ParentRunner.java:58) [junit-4.12.jar:4.12]
	at org.junit.runners.ParentRunner$2.evaluate(ParentRunner.java:268) [junit-4.12.jar:4.12]
	at org.springframework.test.context.junit4.statements.RunBeforeTestClassCallbacks.evaluate(RunBeforeTestClassCallbacks.java:61) [spring-test-4.3.0.RC2.jar:4.3.0.RC2]
	at org.springframework.test.context.junit4.statements.RunAfterTestClassCallbacks.evaluate(RunAfterTestClassCallbacks.java:70) [spring-test-4.3.0.RC2.jar:4.3.0.RC2]
	at org.junit.runners.ParentRunner.run(ParentRunner.java:363) [junit-4.12.jar:4.12]
	at org.springframework.test.context.junit4.SpringJUnit4ClassRunner.run(SpringJUnit4ClassRunner.java:191) [spring-test-4.3.0.RC2.jar:4.3.0.RC2]
	at org.apache.maven.surefire.junit4.JUnit4Provider.execute(JUnit4Provider.java:283) [surefire-junit4-2.18.1.jar:2.18.1]
	at org.apache.maven.surefire.junit4.JUnit4Provider.executeWithRerun(JUnit4Provider.java:173) [surefire-junit4-2.18.1.jar:2.18.1]
	at org.apache.maven.surefire.junit4.JUnit4Provider.executeTestSet(JUnit4Provider.java:153) [surefire-junit4-2.18.1.jar:2.18.1]
	at org.apache.maven.surefire.junit4.JUnit4Provider.invoke(JUnit4Provider.java:128) [surefire-junit4-2.18.1.jar:2.18.1]
	at org.apache.maven.surefire.booter.ForkedBooter.invokeProviderInSameClassLoader(ForkedBooter.java:203) [surefire-booter-2.18.1.jar:2.18.1]
	at org.apache.maven.surefire.booter.ForkedBooter.runSuitesInProcess(ForkedBooter.java:155) [surefire-booter-2.18.1.jar:2.18.1]
	at org.apache.maven.surefire.booter.ForkedBooter.main(ForkedBooter.java:103) [surefire-booter-2.18.1.jar:2.18.1]

2016-06-06 22:15:29.713  WARN 5694 --- [           main] c.g.s.DbUnitTestExecutionListener        : Unable to throw database cleanup exception due to existing test error

java.lang.IllegalArgumentException: Unable to load dataset from "example-data.xml" using class com.github.springtestdbunit.dataset.FlatXmlDataSetLoader
	at org.springframework.util.Assert.notNull(Assert.java:115) ~[spring-core-4.3.0.RC2.jar:4.3.0.RC2]
	at com.github.springtestdbunit.DbUnitRunner.loadDataset(DbUnitRunner.java:214) ~[spring-test-dbunit-1.2.1.jar:na]
	at com.github.springtestdbunit.DbUnitRunner.loadDataSets(DbUnitRunner.java:203) ~[spring-test-dbunit-1.2.1.jar:na]
	at com.github.springtestdbunit.DbUnitRunner.setupOrTeardown(DbUnitRunner.java:184) ~[spring-test-dbunit-1.2.1.jar:na]
	at com.github.springtestdbunit.DbUnitRunner.afterTestMethod(DbUnitRunner.java:83) ~[spring-test-dbunit-1.2.1.jar:na]
	at com.github.springtestdbunit.DbUnitTestExecutionListener.afterTestMethod(DbUnitTestExecutionListener.java:191) [spring-test-dbunit-1.2.1.jar:na]
	at org.springframework.test.context.TestContextManager.afterTestMethod(TestContextManager.java:319) [spring-test-4.3.0.RC2.jar:4.3.0.RC2]
	at org.springframework.test.context.junit4.statements.RunAfterTestMethodCallbacks.evaluate(RunAfterTestMethodCallbacks.java:94) [spring-test-4.3.0.RC2.jar:4.3.0.RC2]
	at org.springframework.test.context.junit4.statements.SpringRepeat.evaluate(SpringRepeat.java:84) [spring-test-4.3.0.RC2.jar:4.3.0.RC2]
	at org.junit.runners.ParentRunner.runLeaf(ParentRunner.java:325) [junit-4.12.jar:4.12]
	at org.springframework.test.context.junit4.SpringJUnit4ClassRunner.runChild(SpringJUnit4ClassRunner.java:252) [spring-test-4.3.0.RC2.jar:4.3.0.RC2]
	at org.springframework.test.context.junit4.SpringJUnit4ClassRunner.runChild(SpringJUnit4ClassRunner.java:94) [spring-test-4.3.0.RC2.jar:4.3.0.RC2]
	at org.junit.runners.ParentRunner$3.run(ParentRunner.java:290) [junit-4.12.jar:4.12]
	at org.junit.runners.ParentRunner$1.schedule(ParentRunner.java:71) [junit-4.12.jar:4.12]
	at org.junit.runners.ParentRunner.runChildren(ParentRunner.java:288) [junit-4.12.jar:4.12]
	at org.junit.runners.ParentRunner.access$000(ParentRunner.java:58) [junit-4.12.jar:4.12]
	at org.junit.runners.ParentRunner$2.evaluate(ParentRunner.java:268) [junit-4.12.jar:4.12]
	at org.springframework.test.context.junit4.statements.RunBeforeTestClassCallbacks.evaluate(RunBeforeTestClassCallbacks.java:61) [spring-test-4.3.0.RC2.jar:4.3.0.RC2]
	at org.springframework.test.context.junit4.statements.RunAfterTestClassCallbacks.evaluate(RunAfterTestClassCallbacks.java:70) [spring-test-4.3.0.RC2.jar:4.3.0.RC2]
	at org.junit.runners.ParentRunner.run(ParentRunner.java:363) [junit-4.12.jar:4.12]
	at org.springframework.test.context.junit4.SpringJUnit4ClassRunner.run(SpringJUnit4ClassRunner.java:191) [spring-test-4.3.0.RC2.jar:4.3.0.RC2]
	at org.apache.maven.surefire.junit4.JUnit4Provider.execute(JUnit4Provider.java:283) [surefire-junit4-2.18.1.jar:2.18.1]
	at org.apache.maven.surefire.junit4.JUnit4Provider.executeWithRerun(JUnit4Provider.java:173) [surefire-junit4-2.18.1.jar:2.18.1]
	at org.apache.maven.surefire.junit4.JUnit4Provider.executeTestSet(JUnit4Provider.java:153) [surefire-junit4-2.18.1.jar:2.18.1]
	at org.apache.maven.surefire.junit4.JUnit4Provider.invoke(JUnit4Provider.java:128) [surefire-junit4-2.18.1.jar:2.18.1]
	at org.apache.maven.surefire.booter.ForkedBooter.invokeProviderInSameClassLoader(ForkedBooter.java:203) [surefire-booter-2.18.1.jar:2.18.1]
	at org.apache.maven.surefire.booter.ForkedBooter.runSuitesInProcess(ForkedBooter.java:155) [surefire-booter-2.18.1.jar:2.18.1]
	at org.apache.maven.surefire.booter.ForkedBooter.main(ForkedBooter.java:103) [surefire-booter-2.18.1.jar:2.18.1]

]]></system-out>
  </testcase>
  <testcase name="visitRepositoryShouldFindAllVisitsInYearAskedByUser" classname="com.bartek.repositoryTest.VisitRepositoryTest" time="0.006">
    <error message="Unable to load dataset from &quot;example-data.xml&quot; using class com.github.springtestdbunit.dataset.FlatXmlDataSetLoader" type="java.lang.IllegalArgumentException">java.lang.IllegalArgumentException: Unable to load dataset from "example-data.xml" using class com.github.springtestdbunit.dataset.FlatXmlDataSetLoader
	at org.springframework.util.Assert.notNull(Assert.java:115)
	at com.github.springtestdbunit.DbUnitRunner.loadDataset(DbUnitRunner.java:214)
	at com.github.springtestdbunit.DbUnitRunner.loadDataSets(DbUnitRunner.java:203)
	at com.github.springtestdbunit.DbUnitRunner.setupOrTeardown(DbUnitRunner.java:184)
	at com.github.springtestdbunit.DbUnitRunner.beforeTestMethod(DbUnitRunner.java:66)
	at com.github.springtestdbunit.DbUnitTestExecutionListener.beforeTestMethod(DbUnitTestExecutionListener.java:186)
	at org.springframework.test.context.TestContextManager.beforeTestMethod(TestContextManager.java:269)
	at org.springframework.test.context.junit4.statements.RunBeforeTestMethodCallbacks.evaluate(RunBeforeTestMethodCallbacks.java:74)
	at org.springframework.test.context.junit4.statements.RunAfterTestMethodCallbacks.evaluate(RunAfterTestMethodCallbacks.java:86)
	at org.springframework.test.context.junit4.statements.SpringRepeat.evaluate(SpringRepeat.java:84)
	at org.junit.runners.ParentRunner.runLeaf(ParentRunner.java:325)
	at org.springframework.test.context.junit4.SpringJUnit4ClassRunner.runChild(SpringJUnit4ClassRunner.java:252)
	at org.springframework.test.context.junit4.SpringJUnit4ClassRunner.runChild(SpringJUnit4ClassRunner.java:94)
	at org.junit.runners.ParentRunner$3.run(ParentRunner.java:290)
	at org.junit.runners.ParentRunner$1.schedule(ParentRunner.java:71)
	at org.junit.runners.ParentRunner.runChildren(ParentRunner.java:288)
	at org.junit.runners.ParentRunner.access$000(ParentRunner.java:58)
	at org.junit.runners.ParentRunner$2.evaluate(ParentRunner.java:268)
	at org.springframework.test.context.junit4.statements.RunBeforeTestClassCallbacks.evaluate(RunBeforeTestClassCallbacks.java:61)
	at org.springframework.test.context.junit4.statements.RunAfterTestClassCallbacks.evaluate(RunAfterTestClassCallbacks.java:70)
	at org.junit.runners.ParentRunner.run(ParentRunner.java:363)
	at org.springframework.test.context.junit4.SpringJUnit4ClassRunner.run(SpringJUnit4ClassRunner.java:191)
	at org.apache.maven.surefire.junit4.JUnit4Provider.execute(JUnit4Provider.java:283)
	at org.apache.maven.surefire.junit4.JUnit4Provider.executeWithRerun(JUnit4Provider.java:173)
	at org.apache.maven.surefire.junit4.JUnit4Provider.executeTestSet(JUnit4Provider.java:153)
	at org.apache.maven.surefire.junit4.JUnit4Provider.invoke(JUnit4Provider.java:128)
	at org.apache.maven.surefire.booter.ForkedBooter.invokeProviderInSameClassLoader(ForkedBooter.java:203)
	at org.apache.maven.surefire.booter.ForkedBooter.runSuitesInProcess(ForkedBooter.java:155)
	at org.apache.maven.surefire.booter.ForkedBooter.main(ForkedBooter.java:103)
</error>
    <system-out><![CDATA[2016-06-06 22:15:29.742  WARN 5694 --- [           main] o.s.test.context.TestContextManager      : Caught exception while allowing TestExecutionListener [com.github.springtestdbunit.DbUnitTestExecutionListener@57f725b8] to process 'before' execution of test method [public void com.bartek.repositoryTest.VisitRepositoryTest.visitRepositoryShouldFindAllVisitsInYearAskedByUser()] for test instance [com.bartek.repositoryTest.VisitRepositoryTest@523ade68]

java.lang.IllegalArgumentException: Unable to load dataset from "example-data.xml" using class com.github.springtestdbunit.dataset.FlatXmlDataSetLoader
	at org.springframework.util.Assert.notNull(Assert.java:115) ~[spring-core-4.3.0.RC2.jar:4.3.0.RC2]
	at com.github.springtestdbunit.DbUnitRunner.loadDataset(DbUnitRunner.java:214) ~[spring-test-dbunit-1.2.1.jar:na]
	at com.github.springtestdbunit.DbUnitRunner.loadDataSets(DbUnitRunner.java:203) ~[spring-test-dbunit-1.2.1.jar:na]
	at com.github.springtestdbunit.DbUnitRunner.setupOrTeardown(DbUnitRunner.java:184) ~[spring-test-dbunit-1.2.1.jar:na]
	at com.github.springtestdbunit.DbUnitRunner.beforeTestMethod(DbUnitRunner.java:66) ~[spring-test-dbunit-1.2.1.jar:na]
	at com.github.springtestdbunit.DbUnitTestExecutionListener.beforeTestMethod(DbUnitTestExecutionListener.java:186) ~[spring-test-dbunit-1.2.1.jar:na]
	at org.springframework.test.context.TestContextManager.beforeTestMethod(TestContextManager.java:269) ~[spring-test-4.3.0.RC2.jar:4.3.0.RC2]
	at org.springframework.test.context.junit4.statements.RunBeforeTestMethodCallbacks.evaluate(RunBeforeTestMethodCallbacks.java:74) [spring-test-4.3.0.RC2.jar:4.3.0.RC2]
	at org.springframework.test.context.junit4.statements.RunAfterTestMethodCallbacks.evaluate(RunAfterTestMethodCallbacks.java:86) [spring-test-4.3.0.RC2.jar:4.3.0.RC2]
	at org.springframework.test.context.junit4.statements.SpringRepeat.evaluate(SpringRepeat.java:84) [spring-test-4.3.0.RC2.jar:4.3.0.RC2]
	at org.junit.runners.ParentRunner.runLeaf(ParentRunner.java:325) [junit-4.12.jar:4.12]
	at org.springframework.test.context.junit4.SpringJUnit4ClassRunner.runChild(SpringJUnit4ClassRunner.java:252) [spring-test-4.3.0.RC2.jar:4.3.0.RC2]
	at org.springframework.test.context.junit4.SpringJUnit4ClassRunner.runChild(SpringJUnit4ClassRunner.java:94) [spring-test-4.3.0.RC2.jar:4.3.0.RC2]
	at org.junit.runners.ParentRunner$3.run(ParentRunner.java:290) [junit-4.12.jar:4.12]
	at org.junit.runners.ParentRunner$1.schedule(ParentRunner.java:71) [junit-4.12.jar:4.12]
	at org.junit.runners.ParentRunner.runChildren(ParentRunner.java:288) [junit-4.12.jar:4.12]
	at org.junit.runners.ParentRunner.access$000(ParentRunner.java:58) [junit-4.12.jar:4.12]
	at org.junit.runners.ParentRunner$2.evaluate(ParentRunner.java:268) [junit-4.12.jar:4.12]
	at org.springframework.test.context.junit4.statements.RunBeforeTestClassCallbacks.evaluate(RunBeforeTestClassCallbacks.java:61) [spring-test-4.3.0.RC2.jar:4.3.0.RC2]
	at org.springframework.test.context.junit4.statements.RunAfterTestClassCallbacks.evaluate(RunAfterTestClassCallbacks.java:70) [spring-test-4.3.0.RC2.jar:4.3.0.RC2]
	at org.junit.runners.ParentRunner.run(ParentRunner.java:363) [junit-4.12.jar:4.12]
	at org.springframework.test.context.junit4.SpringJUnit4ClassRunner.run(SpringJUnit4ClassRunner.java:191) [spring-test-4.3.0.RC2.jar:4.3.0.RC2]
	at org.apache.maven.surefire.junit4.JUnit4Provider.execute(JUnit4Provider.java:283) [surefire-junit4-2.18.1.jar:2.18.1]
	at org.apache.maven.surefire.junit4.JUnit4Provider.executeWithRerun(JUnit4Provider.java:173) [surefire-junit4-2.18.1.jar:2.18.1]
	at org.apache.maven.surefire.junit4.JUnit4Provider.executeTestSet(JUnit4Provider.java:153) [surefire-junit4-2.18.1.jar:2.18.1]
	at org.apache.maven.surefire.junit4.JUnit4Provider.invoke(JUnit4Provider.java:128) [surefire-junit4-2.18.1.jar:2.18.1]
	at org.apache.maven.surefire.booter.ForkedBooter.invokeProviderInSameClassLoader(ForkedBooter.java:203) [surefire-booter-2.18.1.jar:2.18.1]
	at org.apache.maven.surefire.booter.ForkedBooter.runSuitesInProcess(ForkedBooter.java:155) [surefire-booter-2.18.1.jar:2.18.1]
	at org.apache.maven.surefire.booter.ForkedBooter.main(ForkedBooter.java:103) [surefire-booter-2.18.1.jar:2.18.1]

2016-06-06 22:15:29.745  WARN 5694 --- [           main] c.g.s.DbUnitTestExecutionListener        : Unable to throw database cleanup exception due to existing test error

java.lang.IllegalArgumentException: Unable to load dataset from "example-data.xml" using class com.github.springtestdbunit.dataset.FlatXmlDataSetLoader
	at org.springframework.util.Assert.notNull(Assert.java:115) ~[spring-core-4.3.0.RC2.jar:4.3.0.RC2]
	at com.github.springtestdbunit.DbUnitRunner.loadDataset(DbUnitRunner.java:214) ~[spring-test-dbunit-1.2.1.jar:na]
	at com.github.springtestdbunit.DbUnitRunner.loadDataSets(DbUnitRunner.java:203) ~[spring-test-dbunit-1.2.1.jar:na]
	at com.github.springtestdbunit.DbUnitRunner.setupOrTeardown(DbUnitRunner.java:184) ~[spring-test-dbunit-1.2.1.jar:na]
	at com.github.springtestdbunit.DbUnitRunner.afterTestMethod(DbUnitRunner.java:83) ~[spring-test-dbunit-1.2.1.jar:na]
	at com.github.springtestdbunit.DbUnitTestExecutionListener.afterTestMethod(DbUnitTestExecutionListener.java:191) [spring-test-dbunit-1.2.1.jar:na]
	at org.springframework.test.context.TestContextManager.afterTestMethod(TestContextManager.java:319) [spring-test-4.3.0.RC2.jar:4.3.0.RC2]
	at org.springframework.test.context.junit4.statements.RunAfterTestMethodCallbacks.evaluate(RunAfterTestMethodCallbacks.java:94) [spring-test-4.3.0.RC2.jar:4.3.0.RC2]
	at org.springframework.test.context.junit4.statements.SpringRepeat.evaluate(SpringRepeat.java:84) [spring-test-4.3.0.RC2.jar:4.3.0.RC2]
	at org.junit.runners.ParentRunner.runLeaf(ParentRunner.java:325) [junit-4.12.jar:4.12]
	at org.springframework.test.context.junit4.SpringJUnit4ClassRunner.runChild(SpringJUnit4ClassRunner.java:252) [spring-test-4.3.0.RC2.jar:4.3.0.RC2]
	at org.springframework.test.context.junit4.SpringJUnit4ClassRunner.runChild(SpringJUnit4ClassRunner.java:94) [spring-test-4.3.0.RC2.jar:4.3.0.RC2]
	at org.junit.runners.ParentRunner$3.run(ParentRunner.java:290) [junit-4.12.jar:4.12]
	at org.junit.runners.ParentRunner$1.schedule(ParentRunner.java:71) [junit-4.12.jar:4.12]
	at org.junit.runners.ParentRunner.runChildren(ParentRunner.java:288) [junit-4.12.jar:4.12]
	at org.junit.runners.ParentRunner.access$000(ParentRunner.java:58) [junit-4.12.jar:4.12]
	at org.junit.runners.ParentRunner$2.evaluate(ParentRunner.java:268) [junit-4.12.jar:4.12]
	at org.springframework.test.context.junit4.statements.RunBeforeTestClassCallbacks.evaluate(RunBeforeTestClassCallbacks.java:61) [spring-test-4.3.0.RC2.jar:4.3.0.RC2]
	at org.springframework.test.context.junit4.statements.RunAfterTestClassCallbacks.evaluate(RunAfterTestClassCallbacks.java:70) [spring-test-4.3.0.RC2.jar:4.3.0.RC2]
	at org.junit.runners.ParentRunner.run(ParentRunner.java:363) [junit-4.12.jar:4.12]
	at org.springframework.test.context.junit4.SpringJUnit4ClassRunner.run(SpringJUnit4ClassRunner.java:191) [spring-test-4.3.0.RC2.jar:4.3.0.RC2]
	at org.apache.maven.surefire.junit4.JUnit4Provider.execute(JUnit4Provider.java:283) [surefire-junit4-2.18.1.jar:2.18.1]
	at org.apache.maven.surefire.junit4.JUnit4Provider.executeWithRerun(JUnit4Provider.java:173) [surefire-junit4-2.18.1.jar:2.18.1]
	at org.apache.maven.surefire.junit4.JUnit4Provider.executeTestSet(JUnit4Provider.java:153) [surefire-junit4-2.18.1.jar:2.18.1]
	at org.apache.maven.surefire.junit4.JUnit4Provider.invoke(JUnit4Provider.java:128) [surefire-junit4-2.18.1.jar:2.18.1]
	at org.apache.maven.surefire.booter.ForkedBooter.invokeProviderInSameClassLoader(ForkedBooter.java:203) [surefire-booter-2.18.1.jar:2.18.1]
	at org.apache.maven.surefire.booter.ForkedBooter.runSuitesInProcess(ForkedBooter.java:155) [surefire-booter-2.18.1.jar:2.18.1]
	at org.apache.maven.surefire.booter.ForkedBooter.main(ForkedBooter.java:103) [surefire-booter-2.18.1.jar:2.18.1]

]]></system-out>
  </testcase>
</testsuite>